<?xml version="1.0" encoding="UTF-8"?>
<!-- Generated by org.testng.reporters.JUnitReportReporter -->
<testsuite hostname="DESKTOP-AQ0FOU0" failures="0" tests="1" name="testngPackage.NewTest" time="0.008" errors="0" timestamp="2022-08-24T03:21:33 IST" skipped="0">
  <testcase classname="testngPackage.NewTest" name="f" time="0.008"/>
  <system-out/>
</testsuite> <!-- testngPackage.NewTest -->
